<?xml version="1.0" encoding="UTF-8"?>
<testsuite name="PhpTravels" tests="1" skipped="0" failures="0" errors="0" timestamp="2022-06-29T05:00:33" hostname="WACHO77" time="13.214">
  <properties/>
  <testcase name="reserva de hotel" classname="PhpTravels" time="13.214"/>
  <system-out><![CDATA[]]></system-out>
  <system-err><![CDATA[Jun 29, 2022 12:00:33 AM org.openqa.selenium.remote.DesiredCapabilities chrome
INFO: Using `new ChromeOptions()` is preferred to `DesiredCapabilities.chrome()`
Starting ChromeDriver 102.0.5005.61 (0e59bcc00cc4985ce39ad31c150065f159d95ad3-refs/branch-heads/5005@{#819}) on port 43800
Only local connections are allowed.
Please see https://chromedriver.chromium.org/security-considerations for suggestions on keeping ChromeDriver safe.
ChromeDriver was started successfully.
[1656478835.372][WARNING]: This version of ChromeDriver has not been tested with Chrome version 103.
Jun 29, 2022 12:00:35 AM org.openqa.selenium.remote.ProtocolHandshake createSession
INFO: Detected dialect: W3C
[Test worker] INFO net.serenitybdd.core.Serenity - 
        __    _____ _____ ____ _____   ____   _    ____  ____  _____ ____  
  _     \ \  |_   _| ____/ ___|_   _| |  _ \ / \  / ___|/ ___|| ____|  _ \ 
 (_)_____| |   | | |  _| \___ \ | |   | |_) / _ \ \___ \\___ \|  _| | | | |
  _|_____| |   | | | |___ ___) || |   |  __/ ___ \ ___) |___) | |___| |_| |
 (_)     | |   |_| |_____|____/ |_|   |_| /_/   \_\____/|____/|_____|____/ 
        /_/                                                                

TEST PASSED: reserva de hotel
----------------------------------------------------------------------------
]]></system-err>
</testsuite>
